2023-02-17 14:31:04,279 - root - INFO - Start computing VaR 2023-02-17 14:31:04.279938
2023-02-17 14:31:07,323 - urllib3.connectionpool - DEBUG - Starting new HTTPS connection (1): fred.stlouisfed.org:443
2023-02-17 14:31:07,398 - urllib3.connectionpool - DEBUG - https://fred.stlouisfed.org:443 "GET /graph/fredgraph.csv?id=DTB1YR HTTP/1.1" 200 58872
2023-02-17 14:31:07,441 - urllib3.connectionpool - DEBUG - Starting new HTTPS connection (1): query2.finance.yahoo.com:443
2023-02-17 14:31:07,534 - urllib3.connectionpool - DEBUG - https://query2.finance.yahoo.com:443 "GET /v8/finance/chart/XLC?period1=1669750267&period2=1676662267&interval=1d&includePrePost=False&events=div%2Csplits%2CcapitalGains HTTP/1.1" 200 2077
2023-02-17 14:31:07,583 - urllib3.connectionpool - DEBUG - Starting new HTTPS connection (1): query2.finance.yahoo.com:443
2023-02-17 14:31:07,697 - urllib3.connectionpool - DEBUG - https://query2.finance.yahoo.com:443 "GET /v8/finance/chart/XLF?period1=1669750267&period2=1676662267&interval=1d&includePrePost=False&events=div%2Csplits%2CcapitalGains HTTP/1.1" 200 1927
2023-02-17 14:31:07,726 - urllib3.connectionpool - DEBUG - Starting new HTTPS connection (1): query2.finance.yahoo.com:443
2023-02-17 14:31:07,844 - urllib3.connectionpool - DEBUG - https://query2.finance.yahoo.com:443 "GET /v8/finance/chart/XLV?period1=1669750267&period2=1676662267&interval=1d&includePrePost=False&events=div%2Csplits%2CcapitalGains HTTP/1.1" 200 1978
2023-02-17 14:31:07,878 - urllib3.connectionpool - DEBUG - Starting new HTTPS connection (1): query2.finance.yahoo.com:443
2023-02-17 14:31:07,992 - urllib3.connectionpool - DEBUG - https://query2.finance.yahoo.com:443 "GET /v8/finance/chart/XLY?period1=1669750267&period2=1676662267&interval=1d&includePrePost=False&events=div%2Csplits%2CcapitalGains HTTP/1.1" 200 2066
2023-02-17 14:31:08,024 - urllib3.connectionpool - DEBUG - Starting new HTTPS connection (1): query2.finance.yahoo.com:443
2023-02-17 14:31:08,162 - urllib3.connectionpool - DEBUG - https://query2.finance.yahoo.com:443 "GET /v8/finance/chart/XLE?period1=1669750267&period2=1676662267&interval=1d&includePrePost=False&events=div%2Csplits%2CcapitalGains HTTP/1.1" 200 1980
2023-02-17 14:31:08,196 - urllib3.connectionpool - DEBUG - Starting new HTTPS connection (1): query2.finance.yahoo.com:443
2023-02-17 14:31:08,321 - urllib3.connectionpool - DEBUG - https://query2.finance.yahoo.com:443 "GET /v8/finance/chart/XLK?period1=1669750267&period2=1676662267&interval=1d&includePrePost=False&events=div%2Csplits%2CcapitalGains HTTP/1.1" 200 2118
2023-02-17 14:31:08,355 - urllib3.connectionpool - DEBUG - Starting new HTTPS connection (1): query2.finance.yahoo.com:443
2023-02-17 14:31:08,475 - urllib3.connectionpool - DEBUG - https://query2.finance.yahoo.com:443 "GET /v8/finance/chart/XLI?period1=1669750267&period2=1676662267&interval=1d&includePrePost=False&events=div%2Csplits%2CcapitalGains HTTP/1.1" 200 1972
2023-02-17 14:31:08,506 - urllib3.connectionpool - DEBUG - Starting new HTTPS connection (1): query2.finance.yahoo.com:443
2023-02-17 14:31:08,624 - urllib3.connectionpool - DEBUG - https://query2.finance.yahoo.com:443 "GET /v8/finance/chart/XLB?period1=1669750267&period2=1676662267&interval=1d&includePrePost=False&events=div%2Csplits%2CcapitalGains HTTP/1.1" 200 1977
2023-02-17 14:31:08,657 - urllib3.connectionpool - DEBUG - Starting new HTTPS connection (1): query2.finance.yahoo.com:443
2023-02-17 14:31:08,781 - urllib3.connectionpool - DEBUG - https://query2.finance.yahoo.com:443 "GET /v8/finance/chart/XLP?period1=1669750267&period2=1676662267&interval=1d&includePrePost=False&events=div%2Csplits%2CcapitalGains HTTP/1.1" 200 1901
2023-02-17 14:31:08,814 - urllib3.connectionpool - DEBUG - Starting new HTTPS connection (1): query2.finance.yahoo.com:443
2023-02-17 14:31:08,942 - urllib3.connectionpool - DEBUG - https://query2.finance.yahoo.com:443 "GET /v8/finance/chart/XLU?period1=1669750267&period2=1676662267&interval=1d&includePrePost=False&events=div%2Csplits%2CcapitalGains HTTP/1.1" 200 1962
2023-02-17 14:31:08,972 - urllib3.connectionpool - DEBUG - Starting new HTTPS connection (1): query2.finance.yahoo.com:443
2023-02-17 14:31:09,101 - urllib3.connectionpool - DEBUG - https://query2.finance.yahoo.com:443 "GET /v8/finance/chart/SPY?period1=1669750267&period2=1676662267&interval=1d&includePrePost=False&events=div%2Csplits%2CcapitalGains HTTP/1.1" 200 2107
2023-02-17 15:09:15,874 - root - INFO - Start computing VaR 2023-02-17 15:09:15.874402
2023-02-17 15:09:18,935 - urllib3.connectionpool - DEBUG - Starting new HTTPS connection (1): fred.stlouisfed.org:443
2023-02-17 15:09:19,229 - urllib3.connectionpool - DEBUG - https://fred.stlouisfed.org:443 "GET /graph/fredgraph.csv?id=DTB1YR HTTP/1.1" 200 58872
2023-02-17 15:09:19,286 - urllib3.connectionpool - DEBUG - Starting new HTTPS connection (1): query2.finance.yahoo.com:443
2023-02-17 15:09:19,414 - urllib3.connectionpool - DEBUG - https://query2.finance.yahoo.com:443 "GET /v8/finance/chart/XLE?period1=1669752559&period2=1676664559&interval=1d&includePrePost=False&events=div%2Csplits%2CcapitalGains HTTP/1.1" 200 1962
2023-02-17 15:09:19,459 - urllib3.connectionpool - DEBUG - Starting new HTTPS connection (1): query2.finance.yahoo.com:443
2023-02-17 15:09:19,627 - urllib3.connectionpool - DEBUG - https://query2.finance.yahoo.com:443 "GET /v8/finance/chart/XLU?period1=1669752559&period2=1676664559&interval=1d&includePrePost=False&events=div%2Csplits%2CcapitalGains HTTP/1.1" 200 1961
2023-02-17 15:09:19,663 - urllib3.connectionpool - DEBUG - Starting new HTTPS connection (1): query2.finance.yahoo.com:443
2023-02-17 15:09:19,763 - urllib3.connectionpool - DEBUG - https://query2.finance.yahoo.com:443 "GET /v8/finance/chart/XLC?period1=1669752559&period2=1676664559&interval=1d&includePrePost=False&events=div%2Csplits%2CcapitalGains HTTP/1.1" 200 2064
2023-02-17 15:09:19,797 - urllib3.connectionpool - DEBUG - Starting new HTTPS connection (1): query2.finance.yahoo.com:443
2023-02-17 15:09:19,908 - urllib3.connectionpool - DEBUG - https://query2.finance.yahoo.com:443 "GET /v8/finance/chart/XLI?period1=1669752559&period2=1676664559&interval=1d&includePrePost=False&events=div%2Csplits%2CcapitalGains HTTP/1.1" 200 2001
2023-02-17 15:09:19,941 - urllib3.connectionpool - DEBUG - Starting new HTTPS connection (1): query2.finance.yahoo.com:443
2023-02-17 15:09:20,061 - urllib3.connectionpool - DEBUG - https://query2.finance.yahoo.com:443 "GET /v8/finance/chart/XLF?period1=1669752559&period2=1676664559&interval=1d&includePrePost=False&events=div%2Csplits%2CcapitalGains HTTP/1.1" 200 1907
2023-02-17 15:09:20,093 - urllib3.connectionpool - DEBUG - Starting new HTTPS connection (1): query2.finance.yahoo.com:443
2023-02-17 15:09:20,256 - urllib3.connectionpool - DEBUG - https://query2.finance.yahoo.com:443 "GET /v8/finance/chart/XLK?period1=1669752559&period2=1676664559&interval=1d&includePrePost=False&events=div%2Csplits%2CcapitalGains HTTP/1.1" 200 2113
2023-02-17 15:09:20,289 - urllib3.connectionpool - DEBUG - Starting new HTTPS connection (1): query2.finance.yahoo.com:443
2023-02-17 15:09:20,409 - urllib3.connectionpool - DEBUG - https://query2.finance.yahoo.com:443 "GET /v8/finance/chart/XLV?period1=1669752559&period2=1676664559&interval=1d&includePrePost=False&events=div%2Csplits%2CcapitalGains HTTP/1.1" 200 1951
2023-02-17 15:09:20,444 - urllib3.connectionpool - DEBUG - Starting new HTTPS connection (1): query2.finance.yahoo.com:443
2023-02-17 15:09:20,559 - urllib3.connectionpool - DEBUG - https://query2.finance.yahoo.com:443 "GET /v8/finance/chart/XLY?period1=1669752559&period2=1676664559&interval=1d&includePrePost=False&events=div%2Csplits%2CcapitalGains HTTP/1.1" 200 2048
2023-02-17 15:09:20,592 - urllib3.connectionpool - DEBUG - Starting new HTTPS connection (1): query2.finance.yahoo.com:443
2023-02-17 15:09:20,715 - urllib3.connectionpool - DEBUG - https://query2.finance.yahoo.com:443 "GET /v8/finance/chart/XLB?period1=1669752559&period2=1676664559&interval=1d&includePrePost=False&events=div%2Csplits%2CcapitalGains HTTP/1.1" 200 1957
2023-02-17 15:09:20,752 - urllib3.connectionpool - DEBUG - Starting new HTTPS connection (1): query2.finance.yahoo.com:443
2023-02-17 15:09:20,885 - urllib3.connectionpool - DEBUG - https://query2.finance.yahoo.com:443 "GET /v8/finance/chart/XLP?period1=1669752559&period2=1676664559&interval=1d&includePrePost=False&events=div%2Csplits%2CcapitalGains HTTP/1.1" 200 1908
2023-02-17 15:09:20,922 - urllib3.connectionpool - DEBUG - Starting new HTTPS connection (1): query2.finance.yahoo.com:443
2023-02-17 15:09:21,053 - urllib3.connectionpool - DEBUG - https://query2.finance.yahoo.com:443 "GET /v8/finance/chart/SPY?period1=1669752559&period2=1676664559&interval=1d&includePrePost=False&events=div%2Csplits%2CcapitalGains HTTP/1.1" 200 2082
2023-02-17 15:12:19,502 - root - INFO - Start computing VaR 2023-02-17 15:12:19.502048
2023-02-17 15:12:19,540 - urllib3.connectionpool - DEBUG - Starting new HTTPS connection (1): fred.stlouisfed.org:443
2023-02-17 15:12:19,634 - urllib3.connectionpool - DEBUG - https://fred.stlouisfed.org:443 "GET /graph/fredgraph.csv?id=DTB1YR HTTP/1.1" 200 58872
2023-02-17 15:12:19,690 - urllib3.connectionpool - DEBUG - Starting new HTTPS connection (1): query2.finance.yahoo.com:443
2023-02-17 15:12:19,806 - urllib3.connectionpool - DEBUG - https://query2.finance.yahoo.com:443 "GET /v8/finance/chart/XLK?period1=1669752739&period2=1676664739&interval=1d&includePrePost=False&events=div%2Csplits%2CcapitalGains HTTP/1.1" 200 2109
2023-02-17 15:12:19,844 - urllib3.connectionpool - DEBUG - Starting new HTTPS connection (1): query2.finance.yahoo.com:443
2023-02-17 15:12:19,959 - urllib3.connectionpool - DEBUG - https://query2.finance.yahoo.com:443 "GET /v8/finance/chart/XLE?period1=1669752739&period2=1676664739&interval=1d&includePrePost=False&events=div%2Csplits%2CcapitalGains HTTP/1.1" 200 1971
2023-02-17 15:12:19,993 - urllib3.connectionpool - DEBUG - Starting new HTTPS connection (1): query2.finance.yahoo.com:443
2023-02-17 15:12:20,122 - urllib3.connectionpool - DEBUG - https://query2.finance.yahoo.com:443 "GET /v8/finance/chart/XLP?period1=1669752739&period2=1676664739&interval=1d&includePrePost=False&events=div%2Csplits%2CcapitalGains HTTP/1.1" 200 1921
2023-02-17 15:12:20,164 - urllib3.connectionpool - DEBUG - Starting new HTTPS connection (1): query2.finance.yahoo.com:443
2023-02-17 15:12:20,283 - urllib3.connectionpool - DEBUG - https://query2.finance.yahoo.com:443 "GET /v8/finance/chart/XLV?period1=1669752739&period2=1676664739&interval=1d&includePrePost=False&events=div%2Csplits%2CcapitalGains HTTP/1.1" 200 1959
2023-02-17 15:12:20,323 - urllib3.connectionpool - DEBUG - Starting new HTTPS connection (1): query2.finance.yahoo.com:443
2023-02-17 15:12:20,452 - urllib3.connectionpool - DEBUG - https://query2.finance.yahoo.com:443 "GET /v8/finance/chart/XLU?period1=1669752739&period2=1676664739&interval=1d&includePrePost=False&events=div%2Csplits%2CcapitalGains HTTP/1.1" 200 1964
2023-02-17 15:12:20,498 - urllib3.connectionpool - DEBUG - Starting new HTTPS connection (1): query2.finance.yahoo.com:443
2023-02-17 15:12:20,630 - urllib3.connectionpool - DEBUG - https://query2.finance.yahoo.com:443 "GET /v8/finance/chart/XLI?period1=1669752739&period2=1676664739&interval=1d&includePrePost=False&events=div%2Csplits%2CcapitalGains HTTP/1.1" 200 1993
2023-02-17 15:12:20,661 - urllib3.connectionpool - DEBUG - Starting new HTTPS connection (1): query2.finance.yahoo.com:443
2023-02-17 15:12:20,793 - urllib3.connectionpool - DEBUG - https://query2.finance.yahoo.com:443 "GET /v8/finance/chart/XLF?period1=1669752739&period2=1676664739&interval=1d&includePrePost=False&events=div%2Csplits%2CcapitalGains HTTP/1.1" 200 1919
2023-02-17 15:12:20,833 - urllib3.connectionpool - DEBUG - Starting new HTTPS connection (1): query2.finance.yahoo.com:443
2023-02-17 15:12:20,959 - urllib3.connectionpool - DEBUG - https://query2.finance.yahoo.com:443 "GET /v8/finance/chart/XLY?period1=1669752739&period2=1676664739&interval=1d&includePrePost=False&events=div%2Csplits%2CcapitalGains HTTP/1.1" 200 2047
2023-02-17 15:12:20,993 - urllib3.connectionpool - DEBUG - Starting new HTTPS connection (1): query2.finance.yahoo.com:443
2023-02-17 15:12:21,116 - urllib3.connectionpool - DEBUG - https://query2.finance.yahoo.com:443 "GET /v8/finance/chart/XLB?period1=1669752739&period2=1676664739&interval=1d&includePrePost=False&events=div%2Csplits%2CcapitalGains HTTP/1.1" 200 1972
2023-02-17 15:12:21,153 - urllib3.connectionpool - DEBUG - Starting new HTTPS connection (1): query2.finance.yahoo.com:443
2023-02-17 15:12:21,252 - urllib3.connectionpool - DEBUG - https://query2.finance.yahoo.com:443 "GET /v8/finance/chart/XLC?period1=1669752739&period2=1676664739&interval=1d&includePrePost=False&events=div%2Csplits%2CcapitalGains HTTP/1.1" 200 2073
2023-02-17 15:12:21,285 - urllib3.connectionpool - DEBUG - Starting new HTTPS connection (1): query2.finance.yahoo.com:443
2023-02-17 15:12:21,407 - urllib3.connectionpool - DEBUG - https://query2.finance.yahoo.com:443 "GET /v8/finance/chart/SPY?period1=1669752739&period2=1676664739&interval=1d&includePrePost=False&events=div%2Csplits%2CcapitalGains HTTP/1.1" 200 2113
2023-02-17 15:13:58,683 - root - INFO - Start computing VaR 2023-02-17 15:13:58.683740
2023-02-17 15:14:01,755 - urllib3.connectionpool - DEBUG - Starting new HTTPS connection (1): fred.stlouisfed.org:443
2023-02-17 15:14:01,824 - urllib3.connectionpool - DEBUG - https://fred.stlouisfed.org:443 "GET /graph/fredgraph.csv?id=DTB1YR HTTP/1.1" 200 58872
2023-02-17 15:14:01,868 - urllib3.connectionpool - DEBUG - Starting new HTTPS connection (1): query2.finance.yahoo.com:443
2023-02-17 15:14:01,980 - urllib3.connectionpool - DEBUG - https://query2.finance.yahoo.com:443 "GET /v8/finance/chart/XLK?period1=1669752841&period2=1676664841&interval=1d&includePrePost=False&events=div%2Csplits%2CcapitalGains HTTP/1.1" 200 2102
2023-02-17 15:14:02,024 - urllib3.connectionpool - DEBUG - Starting new HTTPS connection (1): query2.finance.yahoo.com:443
2023-02-17 15:14:02,146 - urllib3.connectionpool - DEBUG - https://query2.finance.yahoo.com:443 "GET /v8/finance/chart/XLE?period1=1669752841&period2=1676664841&interval=1d&includePrePost=False&events=div%2Csplits%2CcapitalGains HTTP/1.1" 200 1975
2023-02-17 15:14:02,177 - urllib3.connectionpool - DEBUG - Starting new HTTPS connection (1): query2.finance.yahoo.com:443
2023-02-17 15:14:02,306 - urllib3.connectionpool - DEBUG - https://query2.finance.yahoo.com:443 "GET /v8/finance/chart/XLP?period1=1669752841&period2=1676664841&interval=1d&includePrePost=False&events=div%2Csplits%2CcapitalGains HTTP/1.1" 200 1906
2023-02-17 15:14:02,339 - urllib3.connectionpool - DEBUG - Starting new HTTPS connection (1): query2.finance.yahoo.com:443
2023-02-17 15:14:02,468 - urllib3.connectionpool - DEBUG - https://query2.finance.yahoo.com:443 "GET /v8/finance/chart/XLV?period1=1669752841&period2=1676664841&interval=1d&includePrePost=False&events=div%2Csplits%2CcapitalGains HTTP/1.1" 200 1952
2023-02-17 15:14:02,502 - urllib3.connectionpool - DEBUG - Starting new HTTPS connection (1): query2.finance.yahoo.com:443
2023-02-17 15:14:02,625 - urllib3.connectionpool - DEBUG - https://query2.finance.yahoo.com:443 "GET /v8/finance/chart/XLU?period1=1669752841&period2=1676664841&interval=1d&includePrePost=False&events=div%2Csplits%2CcapitalGains HTTP/1.1" 200 1960
2023-02-17 15:14:02,658 - urllib3.connectionpool - DEBUG - Starting new HTTPS connection (1): query2.finance.yahoo.com:443
2023-02-17 15:14:02,777 - urllib3.connectionpool - DEBUG - https://query2.finance.yahoo.com:443 "GET /v8/finance/chart/XLI?period1=1669752841&period2=1676664841&interval=1d&includePrePost=False&events=div%2Csplits%2CcapitalGains HTTP/1.1" 200 1996
2023-02-17 15:14:02,808 - urllib3.connectionpool - DEBUG - Starting new HTTPS connection (1): query2.finance.yahoo.com:443
2023-02-17 15:14:02,940 - urllib3.connectionpool - DEBUG - https://query2.finance.yahoo.com:443 "GET /v8/finance/chart/XLF?period1=1669752841&period2=1676664841&interval=1d&includePrePost=False&events=div%2Csplits%2CcapitalGains HTTP/1.1" 200 1915
2023-02-17 15:14:02,973 - urllib3.connectionpool - DEBUG - Starting new HTTPS connection (1): query2.finance.yahoo.com:443
2023-02-17 15:14:03,096 - urllib3.connectionpool - DEBUG - https://query2.finance.yahoo.com:443 "GET /v8/finance/chart/XLY?period1=1669752841&period2=1676664841&interval=1d&includePrePost=False&events=div%2Csplits%2CcapitalGains HTTP/1.1" 200 2053
2023-02-17 15:14:03,129 - urllib3.connectionpool - DEBUG - Starting new HTTPS connection (1): query2.finance.yahoo.com:443
2023-02-17 15:14:03,285 - urllib3.connectionpool - DEBUG - https://query2.finance.yahoo.com:443 "GET /v8/finance/chart/XLB?period1=1669752841&period2=1676664841&interval=1d&includePrePost=False&events=div%2Csplits%2CcapitalGains HTTP/1.1" 200 1956
2023-02-17 15:14:03,315 - urllib3.connectionpool - DEBUG - Starting new HTTPS connection (1): query2.finance.yahoo.com:443
2023-02-17 15:14:03,406 - urllib3.connectionpool - DEBUG - https://query2.finance.yahoo.com:443 "GET /v8/finance/chart/XLC?period1=1669752841&period2=1676664841&interval=1d&includePrePost=False&events=div%2Csplits%2CcapitalGains HTTP/1.1" 200 2073
2023-02-17 15:14:03,439 - urllib3.connectionpool - DEBUG - Starting new HTTPS connection (1): query2.finance.yahoo.com:443
2023-02-17 15:14:03,606 - urllib3.connectionpool - DEBUG - https://query2.finance.yahoo.com:443 "GET /v8/finance/chart/SPY?period1=1669752841&period2=1676664841&interval=1d&includePrePost=False&events=div%2Csplits%2CcapitalGains HTTP/1.1" 200 2110
2023-02-17 15:22:32,067 - root - INFO - Start computing VaR 2023-02-17 15:22:32.067709
2023-02-17 15:22:35,116 - urllib3.connectionpool - DEBUG - Starting new HTTPS connection (1): fred.stlouisfed.org:443
2023-02-17 15:22:35,491 - urllib3.connectionpool - DEBUG - https://fred.stlouisfed.org:443 "GET /graph/fredgraph.csv?id=DTB1YR HTTP/1.1" 200 58872
2023-02-17 15:22:35,543 - urllib3.connectionpool - DEBUG - Starting new HTTPS connection (1): query2.finance.yahoo.com:443
2023-02-17 15:22:35,658 - urllib3.connectionpool - DEBUG - https://query2.finance.yahoo.com:443 "GET /v8/finance/chart/XLK?period1=1669753355&period2=1676665355&interval=1d&includePrePost=False&events=div%2Csplits%2CcapitalGains HTTP/1.1" 200 2119
2023-02-17 15:22:35,699 - urllib3.connectionpool - DEBUG - Starting new HTTPS connection (1): query2.finance.yahoo.com:443
2023-02-17 15:22:35,836 - urllib3.connectionpool - DEBUG - https://query2.finance.yahoo.com:443 "GET /v8/finance/chart/XLU?period1=1669753355&period2=1676665355&interval=1d&includePrePost=False&events=div%2Csplits%2CcapitalGains HTTP/1.1" 200 1961
2023-02-17 15:22:35,872 - urllib3.connectionpool - DEBUG - Starting new HTTPS connection (1): query2.finance.yahoo.com:443
2023-02-17 15:22:35,985 - urllib3.connectionpool - DEBUG - https://query2.finance.yahoo.com:443 "GET /v8/finance/chart/XLE?period1=1669753355&period2=1676665355&interval=1d&includePrePost=False&events=div%2Csplits%2CcapitalGains HTTP/1.1" 200 1967
2023-02-17 15:22:36,024 - urllib3.connectionpool - DEBUG - Starting new HTTPS connection (1): query2.finance.yahoo.com:443
2023-02-17 15:22:36,151 - urllib3.connectionpool - DEBUG - https://query2.finance.yahoo.com:443 "GET /v8/finance/chart/XLF?period1=1669753355&period2=1676665355&interval=1d&includePrePost=False&events=div%2Csplits%2CcapitalGains HTTP/1.1" 200 1910
2023-02-17 15:22:36,217 - urllib3.connectionpool - DEBUG - Starting new HTTPS connection (1): query2.finance.yahoo.com:443
2023-02-17 15:22:36,330 - urllib3.connectionpool - DEBUG - https://query2.finance.yahoo.com:443 "GET /v8/finance/chart/XLI?period1=1669753355&period2=1676665355&interval=1d&includePrePost=False&events=div%2Csplits%2CcapitalGains HTTP/1.1" 200 1978
2023-02-17 15:22:36,366 - urllib3.connectionpool - DEBUG - Starting new HTTPS connection (1): query2.finance.yahoo.com:443
2023-02-17 15:22:36,488 - urllib3.connectionpool - DEBUG - https://query2.finance.yahoo.com:443 "GET /v8/finance/chart/XLV?period1=1669753355&period2=1676665355&interval=1d&includePrePost=False&events=div%2Csplits%2CcapitalGains HTTP/1.1" 200 1930
2023-02-17 15:22:36,528 - urllib3.connectionpool - DEBUG - Starting new HTTPS connection (1): query2.finance.yahoo.com:443
2023-02-17 15:22:36,650 - urllib3.connectionpool - DEBUG - https://query2.finance.yahoo.com:443 "GET /v8/finance/chart/XLC?period1=1669753355&period2=1676665355&interval=1d&includePrePost=False&events=div%2Csplits%2CcapitalGains HTTP/1.1" 200 2048
2023-02-17 15:22:36,683 - urllib3.connectionpool - DEBUG - Starting new HTTPS connection (1): query2.finance.yahoo.com:443
2023-02-17 15:22:36,826 - urllib3.connectionpool - DEBUG - https://query2.finance.yahoo.com:443 "GET /v8/finance/chart/XLY?period1=1669753355&period2=1676665355&interval=1d&includePrePost=False&events=div%2Csplits%2CcapitalGains HTTP/1.1" 200 2066
2023-02-17 15:22:36,860 - urllib3.connectionpool - DEBUG - Starting new HTTPS connection (1): query2.finance.yahoo.com:443
2023-02-17 15:22:36,980 - urllib3.connectionpool - DEBUG - https://query2.finance.yahoo.com:443 "GET /v8/finance/chart/XLP?period1=1669753355&period2=1676665355&interval=1d&includePrePost=False&events=div%2Csplits%2CcapitalGains HTTP/1.1" 200 1907
2023-02-17 15:22:37,014 - urllib3.connectionpool - DEBUG - Starting new HTTPS connection (1): query2.finance.yahoo.com:443
2023-02-17 15:22:37,135 - urllib3.connectionpool - DEBUG - https://query2.finance.yahoo.com:443 "GET /v8/finance/chart/XLB?period1=1669753355&period2=1676665355&interval=1d&includePrePost=False&events=div%2Csplits%2CcapitalGains HTTP/1.1" 200 1952
2023-02-17 15:22:37,168 - urllib3.connectionpool - DEBUG - Starting new HTTPS connection (1): query2.finance.yahoo.com:443
2023-02-17 15:22:37,301 - urllib3.connectionpool - DEBUG - https://query2.finance.yahoo.com:443 "GET /v8/finance/chart/SPY?period1=1669753355&period2=1676665355&interval=1d&includePrePost=False&events=div%2Csplits%2CcapitalGains HTTP/1.1" 200 2116
2023-02-17 15:24:00,910 - root - INFO - Start computing VaR 2023-02-17 15:24:00.910167
2023-02-17 15:24:03,962 - urllib3.connectionpool - DEBUG - Starting new HTTPS connection (1): fred.stlouisfed.org:443
2023-02-17 15:24:04,036 - urllib3.connectionpool - DEBUG - https://fred.stlouisfed.org:443 "GET /graph/fredgraph.csv?id=DTB1YR HTTP/1.1" 200 58872
2023-02-17 15:24:04,082 - urllib3.connectionpool - DEBUG - Starting new HTTPS connection (1): query2.finance.yahoo.com:443
2023-02-17 15:24:04,203 - urllib3.connectionpool - DEBUG - https://query2.finance.yahoo.com:443 "GET /v8/finance/chart/XLK?period1=1669753444&period2=1676665444&interval=1d&includePrePost=False&events=div%2Csplits%2CcapitalGains HTTP/1.1" 200 2115
2023-02-17 15:24:04,241 - urllib3.connectionpool - DEBUG - Starting new HTTPS connection (1): query2.finance.yahoo.com:443
2023-02-17 15:24:04,416 - urllib3.connectionpool - DEBUG - https://query2.finance.yahoo.com:443 "GET /v8/finance/chart/XLU?period1=1669753444&period2=1676665444&interval=1d&includePrePost=False&events=div%2Csplits%2CcapitalGains HTTP/1.1" 200 1966
2023-02-17 15:24:04,445 - urllib3.connectionpool - DEBUG - Starting new HTTPS connection (1): query2.finance.yahoo.com:443
2023-02-17 15:24:04,560 - urllib3.connectionpool - DEBUG - https://query2.finance.yahoo.com:443 "GET /v8/finance/chart/XLE?period1=1669753444&period2=1676665444&interval=1d&includePrePost=False&events=div%2Csplits%2CcapitalGains HTTP/1.1" 200 1972
2023-02-17 15:24:04,592 - urllib3.connectionpool - DEBUG - Starting new HTTPS connection (1): query2.finance.yahoo.com:443
2023-02-17 15:24:04,699 - urllib3.connectionpool - DEBUG - https://query2.finance.yahoo.com:443 "GET /v8/finance/chart/XLF?period1=1669753444&period2=1676665444&interval=1d&includePrePost=False&events=div%2Csplits%2CcapitalGains HTTP/1.1" 200 1924
2023-02-17 15:24:04,734 - urllib3.connectionpool - DEBUG - Starting new HTTPS connection (1): query2.finance.yahoo.com:443
2023-02-17 15:24:04,898 - urllib3.connectionpool - DEBUG - https://query2.finance.yahoo.com:443 "GET /v8/finance/chart/XLI?period1=1669753444&period2=1676665444&interval=1d&includePrePost=False&events=div%2Csplits%2CcapitalGains HTTP/1.1" 200 1987
2023-02-17 15:24:04,934 - urllib3.connectionpool - DEBUG - Starting new HTTPS connection (1): query2.finance.yahoo.com:443
2023-02-17 15:24:05,050 - urllib3.connectionpool - DEBUG - https://query2.finance.yahoo.com:443 "GET /v8/finance/chart/XLV?period1=1669753444&period2=1676665444&interval=1d&includePrePost=False&events=div%2Csplits%2CcapitalGains HTTP/1.1" 200 1960
2023-02-17 15:24:05,082 - urllib3.connectionpool - DEBUG - Starting new HTTPS connection (1): query2.finance.yahoo.com:443
2023-02-17 15:24:05,197 - urllib3.connectionpool - DEBUG - https://query2.finance.yahoo.com:443 "GET /v8/finance/chart/XLC?period1=1669753444&period2=1676665444&interval=1d&includePrePost=False&events=div%2Csplits%2CcapitalGains HTTP/1.1" 200 2061
2023-02-17 15:24:05,231 - urllib3.connectionpool - DEBUG - Starting new HTTPS connection (1): query2.finance.yahoo.com:443
2023-02-17 15:24:05,353 - urllib3.connectionpool - DEBUG - https://query2.finance.yahoo.com:443 "GET /v8/finance/chart/XLY?period1=1669753444&period2=1676665444&interval=1d&includePrePost=False&events=div%2Csplits%2CcapitalGains HTTP/1.1" 200 2069
2023-02-17 15:24:05,402 - urllib3.connectionpool - DEBUG - Starting new HTTPS connection (1): query2.finance.yahoo.com:443
2023-02-17 15:24:05,514 - urllib3.connectionpool - DEBUG - https://query2.finance.yahoo.com:443 "GET /v8/finance/chart/XLP?period1=1669753444&period2=1676665444&interval=1d&includePrePost=False&events=div%2Csplits%2CcapitalGains HTTP/1.1" 200 1907
2023-02-17 15:24:05,547 - urllib3.connectionpool - DEBUG - Starting new HTTPS connection (1): query2.finance.yahoo.com:443
2023-02-17 15:24:05,712 - urllib3.connectionpool - DEBUG - https://query2.finance.yahoo.com:443 "GET /v8/finance/chart/XLB?period1=1669753444&period2=1676665444&interval=1d&includePrePost=False&events=div%2Csplits%2CcapitalGains HTTP/1.1" 200 1960
2023-02-17 15:24:05,746 - urllib3.connectionpool - DEBUG - Starting new HTTPS connection (1): query2.finance.yahoo.com:443
2023-02-17 15:24:05,882 - urllib3.connectionpool - DEBUG - https://query2.finance.yahoo.com:443 "GET /v8/finance/chart/SPY?period1=1669753444&period2=1676665444&interval=1d&includePrePost=False&events=div%2Csplits%2CcapitalGains HTTP/1.1" 200 2117
2023-02-17 15:24:45,315 - root - INFO - Start computing VaR 2023-02-17 15:24:45.315346
2023-02-17 15:24:45,351 - urllib3.connectionpool - DEBUG - Starting new HTTPS connection (1): fred.stlouisfed.org:443
2023-02-17 15:24:45,730 - urllib3.connectionpool - DEBUG - https://fred.stlouisfed.org:443 "GET /graph/fredgraph.csv?id=DTB1YR HTTP/1.1" 200 58872
2023-02-17 15:24:45,774 - urllib3.connectionpool - DEBUG - Starting new HTTPS connection (1): query2.finance.yahoo.com:443
2023-02-17 15:24:45,894 - urllib3.connectionpool - DEBUG - https://query2.finance.yahoo.com:443 "GET /v8/finance/chart/XLK?period1=1669753485&period2=1676665485&interval=1d&includePrePost=False&events=div%2Csplits%2CcapitalGains HTTP/1.1" 200 2103
2023-02-17 15:24:45,922 - urllib3.connectionpool - DEBUG - Starting new HTTPS connection (1): query2.finance.yahoo.com:443
2023-02-17 15:24:46,054 - urllib3.connectionpool - DEBUG - https://query2.finance.yahoo.com:443 "GET /v8/finance/chart/XLU?period1=1669753485&period2=1676665485&interval=1d&includePrePost=False&events=div%2Csplits%2CcapitalGains HTTP/1.1" 200 1966
2023-02-17 15:24:46,089 - urllib3.connectionpool - DEBUG - Starting new HTTPS connection (1): query2.finance.yahoo.com:443
2023-02-17 15:24:46,210 - urllib3.connectionpool - DEBUG - https://query2.finance.yahoo.com:443 "GET /v8/finance/chart/XLE?period1=1669753485&period2=1676665485&interval=1d&includePrePost=False&events=div%2Csplits%2CcapitalGains HTTP/1.1" 200 1965
2023-02-17 15:24:46,242 - urllib3.connectionpool - DEBUG - Starting new HTTPS connection (1): query2.finance.yahoo.com:443
2023-02-17 15:24:46,371 - urllib3.connectionpool - DEBUG - https://query2.finance.yahoo.com:443 "GET /v8/finance/chart/XLF?period1=1669753485&period2=1676665485&interval=1d&includePrePost=False&events=div%2Csplits%2CcapitalGains HTTP/1.1" 200 1918
2023-02-17 15:24:46,402 - urllib3.connectionpool - DEBUG - Starting new HTTPS connection (1): query2.finance.yahoo.com:443
2023-02-17 15:24:46,565 - urllib3.connectionpool - DEBUG - https://query2.finance.yahoo.com:443 "GET /v8/finance/chart/XLI?period1=1669753485&period2=1676665485&interval=1d&includePrePost=False&events=div%2Csplits%2CcapitalGains HTTP/1.1" 200 2002
2023-02-17 15:24:46,595 - urllib3.connectionpool - DEBUG - Starting new HTTPS connection (1): query2.finance.yahoo.com:443
2023-02-17 15:24:46,724 - urllib3.connectionpool - DEBUG - https://query2.finance.yahoo.com:443 "GET /v8/finance/chart/XLV?period1=1669753485&period2=1676665485&interval=1d&includePrePost=False&events=div%2Csplits%2CcapitalGains HTTP/1.1" 200 1949
2023-02-17 15:24:46,756 - urllib3.connectionpool - DEBUG - Starting new HTTPS connection (1): query2.finance.yahoo.com:443
2023-02-17 15:24:46,862 - urllib3.connectionpool - DEBUG - https://query2.finance.yahoo.com:443 "GET /v8/finance/chart/XLC?period1=1669753485&period2=1676665485&interval=1d&includePrePost=False&events=div%2Csplits%2CcapitalGains HTTP/1.1" 200 2069
2023-02-17 15:24:46,893 - urllib3.connectionpool - DEBUG - Starting new HTTPS connection (1): query2.finance.yahoo.com:443
2023-02-17 15:24:47,016 - urllib3.connectionpool - DEBUG - https://query2.finance.yahoo.com:443 "GET /v8/finance/chart/XLY?period1=1669753485&period2=1676665485&interval=1d&includePrePost=False&events=div%2Csplits%2CcapitalGains HTTP/1.1" 200 2066
2023-02-17 15:24:47,047 - urllib3.connectionpool - DEBUG - Starting new HTTPS connection (1): query2.finance.yahoo.com:443
2023-02-17 15:24:47,181 - urllib3.connectionpool - DEBUG - https://query2.finance.yahoo.com:443 "GET /v8/finance/chart/XLP?period1=1669753485&period2=1676665485&interval=1d&includePrePost=False&events=div%2Csplits%2CcapitalGains HTTP/1.1" 200 1903
2023-02-17 15:24:47,214 - urllib3.connectionpool - DEBUG - Starting new HTTPS connection (1): query2.finance.yahoo.com:443
2023-02-17 15:24:47,341 - urllib3.connectionpool - DEBUG - https://query2.finance.yahoo.com:443 "GET /v8/finance/chart/XLB?period1=1669753485&period2=1676665485&interval=1d&includePrePost=False&events=div%2Csplits%2CcapitalGains HTTP/1.1" 200 1963
2023-02-17 15:24:47,375 - urllib3.connectionpool - DEBUG - Starting new HTTPS connection (1): query2.finance.yahoo.com:443
2023-02-17 15:24:47,503 - urllib3.connectionpool - DEBUG - https://query2.finance.yahoo.com:443 "GET /v8/finance/chart/SPY?period1=1669753485&period2=1676665485&interval=1d&includePrePost=False&events=div%2Csplits%2CcapitalGains HTTP/1.1" 200 2116
2023-02-17 15:26:27,680 - root - INFO - Start computing VaR 2023-02-17 15:26:27.680487
2023-02-17 15:26:30,711 - urllib3.connectionpool - DEBUG - Starting new HTTPS connection (1): fred.stlouisfed.org:443
2023-02-17 15:26:30,789 - urllib3.connectionpool - DEBUG - https://fred.stlouisfed.org:443 "GET /graph/fredgraph.csv?id=DTB1YR HTTP/1.1" 200 58872
2023-02-17 15:26:30,847 - urllib3.connectionpool - DEBUG - Starting new HTTPS connection (1): query2.finance.yahoo.com:443
2023-02-17 15:26:30,945 - urllib3.connectionpool - DEBUG - https://query2.finance.yahoo.com:443 "GET /v8/finance/chart/XLK?period1=1669753590&period2=1676665590&interval=1d&includePrePost=False&events=div%2Csplits%2CcapitalGains HTTP/1.1" 200 2118
2023-02-17 15:26:30,973 - urllib3.connectionpool - DEBUG - Starting new HTTPS connection (1): query2.finance.yahoo.com:443
2023-02-17 15:26:31,082 - urllib3.connectionpool - DEBUG - https://query2.finance.yahoo.com:443 "GET /v8/finance/chart/XLU?period1=1669753590&period2=1676665590&interval=1d&includePrePost=False&events=div%2Csplits%2CcapitalGains HTTP/1.1" 200 1956
2023-02-17 15:26:31,113 - urllib3.connectionpool - DEBUG - Starting new HTTPS connection (1): query2.finance.yahoo.com:443
2023-02-17 15:26:31,228 - urllib3.connectionpool - DEBUG - https://query2.finance.yahoo.com:443 "GET /v8/finance/chart/XLE?period1=1669753590&period2=1676665590&interval=1d&includePrePost=False&events=div%2Csplits%2CcapitalGains HTTP/1.1" 200 1974
2023-02-17 15:26:31,257 - urllib3.connectionpool - DEBUG - Starting new HTTPS connection (1): query2.finance.yahoo.com:443
2023-02-17 15:26:31,403 - urllib3.connectionpool - DEBUG - https://query2.finance.yahoo.com:443 "GET /v8/finance/chart/XLF?period1=1669753590&period2=1676665590&interval=1d&includePrePost=False&events=div%2Csplits%2CcapitalGains HTTP/1.1" 200 1920
2023-02-17 15:26:31,431 - urllib3.connectionpool - DEBUG - Starting new HTTPS connection (1): query2.finance.yahoo.com:443
2023-02-17 15:26:31,547 - urllib3.connectionpool - DEBUG - https://query2.finance.yahoo.com:443 "GET /v8/finance/chart/XLI?period1=1669753590&period2=1676665590&interval=1d&includePrePost=False&events=div%2Csplits%2CcapitalGains HTTP/1.1" 200 2003
2023-02-17 15:26:31,583 - urllib3.connectionpool - DEBUG - Starting new HTTPS connection (1): query2.finance.yahoo.com:443
2023-02-17 15:26:31,698 - urllib3.connectionpool - DEBUG - https://query2.finance.yahoo.com:443 "GET /v8/finance/chart/XLV?period1=1669753590&period2=1676665590&interval=1d&includePrePost=False&events=div%2Csplits%2CcapitalGains HTTP/1.1" 200 1935
2023-02-17 15:26:31,730 - urllib3.connectionpool - DEBUG - Starting new HTTPS connection (1): query2.finance.yahoo.com:443
2023-02-17 15:26:31,836 - urllib3.connectionpool - DEBUG - https://query2.finance.yahoo.com:443 "GET /v8/finance/chart/XLC?period1=1669753590&period2=1676665590&interval=1d&includePrePost=False&events=div%2Csplits%2CcapitalGains HTTP/1.1" 200 2081
2023-02-17 15:26:31,870 - urllib3.connectionpool - DEBUG - Starting new HTTPS connection (1): query2.finance.yahoo.com:443
2023-02-17 15:26:32,004 - urllib3.connectionpool - DEBUG - https://query2.finance.yahoo.com:443 "GET /v8/finance/chart/XLY?period1=1669753590&period2=1676665590&interval=1d&includePrePost=False&events=div%2Csplits%2CcapitalGains HTTP/1.1" 200 2072
2023-02-17 15:26:32,038 - urllib3.connectionpool - DEBUG - Starting new HTTPS connection (1): query2.finance.yahoo.com:443
2023-02-17 15:26:32,167 - urllib3.connectionpool - DEBUG - https://query2.finance.yahoo.com:443 "GET /v8/finance/chart/XLP?period1=1669753590&period2=1676665590&interval=1d&includePrePost=False&events=div%2Csplits%2CcapitalGains HTTP/1.1" 200 1905
2023-02-17 15:26:32,200 - urllib3.connectionpool - DEBUG - Starting new HTTPS connection (1): query2.finance.yahoo.com:443
2023-02-17 15:26:32,319 - urllib3.connectionpool - DEBUG - https://query2.finance.yahoo.com:443 "GET /v8/finance/chart/XLB?period1=1669753590&period2=1676665590&interval=1d&includePrePost=False&events=div%2Csplits%2CcapitalGains HTTP/1.1" 200 1949
2023-02-17 15:26:32,354 - urllib3.connectionpool - DEBUG - Starting new HTTPS connection (1): query2.finance.yahoo.com:443
2023-02-17 15:26:32,505 - urllib3.connectionpool - DEBUG - https://query2.finance.yahoo.com:443 "GET /v8/finance/chart/SPY?period1=1669753590&period2=1676665590&interval=1d&includePrePost=False&events=div%2Csplits%2CcapitalGains HTTP/1.1" 200 2093
2023-02-17 15:27:22,282 - root - INFO - Start computing VaR 2023-02-17 15:27:22.282534
2023-02-17 15:27:22,312 - urllib3.connectionpool - DEBUG - Starting new HTTPS connection (1): fred.stlouisfed.org:443
2023-02-17 15:27:22,396 - urllib3.connectionpool - DEBUG - https://fred.stlouisfed.org:443 "GET /graph/fredgraph.csv?id=DTB1YR HTTP/1.1" 200 58872
2023-02-17 15:27:22,449 - urllib3.connectionpool - DEBUG - Starting new HTTPS connection (1): query2.finance.yahoo.com:443
2023-02-17 15:27:22,573 - urllib3.connectionpool - DEBUG - https://query2.finance.yahoo.com:443 "GET /v8/finance/chart/XLK?period1=1669753642&period2=1676665642&interval=1d&includePrePost=False&events=div%2Csplits%2CcapitalGains HTTP/1.1" 200 2110
2023-02-17 15:27:22,604 - urllib3.connectionpool - DEBUG - Starting new HTTPS connection (1): query2.finance.yahoo.com:443
2023-02-17 15:27:22,733 - urllib3.connectionpool - DEBUG - https://query2.finance.yahoo.com:443 "GET /v8/finance/chart/XLU?period1=1669753642&period2=1676665642&interval=1d&includePrePost=False&events=div%2Csplits%2CcapitalGains HTTP/1.1" 200 1948
2023-02-17 15:27:22,804 - urllib3.connectionpool - DEBUG - Starting new HTTPS connection (1): query2.finance.yahoo.com:443
2023-02-17 15:27:22,931 - urllib3.connectionpool - DEBUG - https://query2.finance.yahoo.com:443 "GET /v8/finance/chart/XLE?period1=1669753642&period2=1676665642&interval=1d&includePrePost=False&events=div%2Csplits%2CcapitalGains HTTP/1.1" 200 1973
2023-02-17 15:27:22,977 - urllib3.connectionpool - DEBUG - Starting new HTTPS connection (1): query2.finance.yahoo.com:443
2023-02-17 15:27:23,139 - urllib3.connectionpool - DEBUG - https://query2.finance.yahoo.com:443 "GET /v8/finance/chart/XLF?period1=1669753642&period2=1676665642&interval=1d&includePrePost=False&events=div%2Csplits%2CcapitalGains HTTP/1.1" 200 1920
2023-02-17 15:27:23,172 - urllib3.connectionpool - DEBUG - Starting new HTTPS connection (1): query2.finance.yahoo.com:443
2023-02-17 15:27:23,319 - urllib3.connectionpool - DEBUG - https://query2.finance.yahoo.com:443 "GET /v8/finance/chart/XLI?period1=1669753642&period2=1676665642&interval=1d&includePrePost=False&events=div%2Csplits%2CcapitalGains HTTP/1.1" 200 1985
2023-02-17 15:27:23,350 - urllib3.connectionpool - DEBUG - Starting new HTTPS connection (1): query2.finance.yahoo.com:443
2023-02-17 15:27:23,455 - urllib3.connectionpool - DEBUG - https://query2.finance.yahoo.com:443 "GET /v8/finance/chart/XLV?period1=1669753642&period2=1676665642&interval=1d&includePrePost=False&events=div%2Csplits%2CcapitalGains HTTP/1.1" 200 1948
2023-02-17 15:27:23,485 - urllib3.connectionpool - DEBUG - Starting new HTTPS connection (1): query2.finance.yahoo.com:443
2023-02-17 15:27:23,576 - urllib3.connectionpool - DEBUG - https://query2.finance.yahoo.com:443 "GET /v8/finance/chart/XLC?period1=1669753642&period2=1676665642&interval=1d&includePrePost=False&events=div%2Csplits%2CcapitalGains HTTP/1.1" 200 2080
2023-02-17 15:27:23,609 - urllib3.connectionpool - DEBUG - Starting new HTTPS connection (1): query2.finance.yahoo.com:443
2023-02-17 15:27:23,739 - urllib3.connectionpool - DEBUG - https://query2.finance.yahoo.com:443 "GET /v8/finance/chart/XLY?period1=1669753642&period2=1676665642&interval=1d&includePrePost=False&events=div%2Csplits%2CcapitalGains HTTP/1.1" 200 2060
2023-02-17 15:27:23,798 - urllib3.connectionpool - DEBUG - Starting new HTTPS connection (1): query2.finance.yahoo.com:443
2023-02-17 15:27:23,920 - urllib3.connectionpool - DEBUG - https://query2.finance.yahoo.com:443 "GET /v8/finance/chart/XLP?period1=1669753642&period2=1676665642&interval=1d&includePrePost=False&events=div%2Csplits%2CcapitalGains HTTP/1.1" 200 1910
2023-02-17 15:27:23,951 - urllib3.connectionpool - DEBUG - Starting new HTTPS connection (1): query2.finance.yahoo.com:443
2023-02-17 15:27:24,074 - urllib3.connectionpool - DEBUG - https://query2.finance.yahoo.com:443 "GET /v8/finance/chart/XLB?period1=1669753642&period2=1676665642&interval=1d&includePrePost=False&events=div%2Csplits%2CcapitalGains HTTP/1.1" 200 1963
2023-02-17 15:27:24,108 - urllib3.connectionpool - DEBUG - Starting new HTTPS connection (1): query2.finance.yahoo.com:443
2023-02-17 15:27:24,300 - urllib3.connectionpool - DEBUG - https://query2.finance.yahoo.com:443 "GET /v8/finance/chart/SPY?period1=1669753642&period2=1676665642&interval=1d&includePrePost=False&events=div%2Csplits%2CcapitalGains HTTP/1.1" 200 2108
2023-02-17 15:32:53,688 - root - INFO - Start computing VaR 2023-02-17 15:32:53.688901
2023-02-17 15:32:56,738 - urllib3.connectionpool - DEBUG - Starting new HTTPS connection (1): fred.stlouisfed.org:443
2023-02-17 15:32:57,161 - urllib3.connectionpool - DEBUG - https://fred.stlouisfed.org:443 "GET /graph/fredgraph.csv?id=DTB1YR HTTP/1.1" 200 58872
2023-02-17 15:32:57,215 - urllib3.connectionpool - DEBUG - Starting new HTTPS connection (1): query2.finance.yahoo.com:443
2023-02-17 15:32:57,338 - urllib3.connectionpool - DEBUG - https://query2.finance.yahoo.com:443 "GET /v8/finance/chart/XLK?period1=1669753977&period2=1676665977&interval=1d&includePrePost=False&events=div%2Csplits%2CcapitalGains HTTP/1.1" 200 2115
2023-02-17 15:32:57,376 - urllib3.connectionpool - DEBUG - Starting new HTTPS connection (1): query2.finance.yahoo.com:443
2023-02-17 15:32:57,493 - urllib3.connectionpool - DEBUG - https://query2.finance.yahoo.com:443 "GET /v8/finance/chart/XLV?period1=1669753977&period2=1676665977&interval=1d&includePrePost=False&events=div%2Csplits%2CcapitalGains HTTP/1.1" 200 1953
2023-02-17 15:32:57,524 - urllib3.connectionpool - DEBUG - Starting new HTTPS connection (1): query2.finance.yahoo.com:443
2023-02-17 15:32:57,635 - urllib3.connectionpool - DEBUG - https://query2.finance.yahoo.com:443 "GET /v8/finance/chart/XLP?period1=1669753977&period2=1676665977&interval=1d&includePrePost=False&events=div%2Csplits%2CcapitalGains HTTP/1.1" 200 1911
2023-02-17 15:32:57,666 - urllib3.connectionpool - DEBUG - Starting new HTTPS connection (1): query2.finance.yahoo.com:443
2023-02-17 15:32:57,791 - urllib3.connectionpool - DEBUG - https://query2.finance.yahoo.com:443 "GET /v8/finance/chart/XLE?period1=1669753977&period2=1676665977&interval=1d&includePrePost=False&events=div%2Csplits%2CcapitalGains HTTP/1.1" 200 1973
2023-02-17 15:32:57,822 - urllib3.connectionpool - DEBUG - Starting new HTTPS connection (1): query2.finance.yahoo.com:443
2023-02-17 15:32:57,954 - urllib3.connectionpool - DEBUG - https://query2.finance.yahoo.com:443 "GET /v8/finance/chart/XLU?period1=1669753977&period2=1676665977&interval=1d&includePrePost=False&events=div%2Csplits%2CcapitalGains HTTP/1.1" 200 1958
2023-02-17 15:32:57,993 - urllib3.connectionpool - DEBUG - Starting new HTTPS connection (1): query2.finance.yahoo.com:443
2023-02-17 15:32:58,113 - urllib3.connectionpool - DEBUG - https://query2.finance.yahoo.com:443 "GET /v8/finance/chart/XLY?period1=1669753977&period2=1676665977&interval=1d&includePrePost=False&events=div%2Csplits%2CcapitalGains HTTP/1.1" 200 2065
2023-02-17 15:32:58,147 - urllib3.connectionpool - DEBUG - Starting new HTTPS connection (1): query2.finance.yahoo.com:443
2023-02-17 15:32:58,247 - urllib3.connectionpool - DEBUG - https://query2.finance.yahoo.com:443 "GET /v8/finance/chart/XLC?period1=1669753977&period2=1676665977&interval=1d&includePrePost=False&events=div%2Csplits%2CcapitalGains HTTP/1.1" 200 2074
2023-02-17 15:32:58,279 - urllib3.connectionpool - DEBUG - Starting new HTTPS connection (1): query2.finance.yahoo.com:443
2023-02-17 15:32:58,451 - urllib3.connectionpool - DEBUG - https://query2.finance.yahoo.com:443 "GET /v8/finance/chart/XLI?period1=1669753977&period2=1676665977&interval=1d&includePrePost=False&events=div%2Csplits%2CcapitalGains HTTP/1.1" 200 1991
2023-02-17 15:32:58,480 - urllib3.connectionpool - DEBUG - Starting new HTTPS connection (1): query2.finance.yahoo.com:443
2023-02-17 15:32:58,590 - urllib3.connectionpool - DEBUG - https://query2.finance.yahoo.com:443 "GET /v8/finance/chart/XLF?period1=1669753977&period2=1676665977&interval=1d&includePrePost=False&events=div%2Csplits%2CcapitalGains HTTP/1.1" 200 1912
2023-02-17 15:32:58,622 - urllib3.connectionpool - DEBUG - Starting new HTTPS connection (1): query2.finance.yahoo.com:443
2023-02-17 15:32:58,751 - urllib3.connectionpool - DEBUG - https://query2.finance.yahoo.com:443 "GET /v8/finance/chart/XLB?period1=1669753977&period2=1676665977&interval=1d&includePrePost=False&events=div%2Csplits%2CcapitalGains HTTP/1.1" 200 1979
2023-02-17 15:32:58,789 - urllib3.connectionpool - DEBUG - Starting new HTTPS connection (1): query2.finance.yahoo.com:443
2023-02-17 15:32:58,917 - urllib3.connectionpool - DEBUG - https://query2.finance.yahoo.com:443 "GET /v8/finance/chart/SPY?period1=1669753977&period2=1676665977&interval=1d&includePrePost=False&events=div%2Csplits%2CcapitalGains HTTP/1.1" 200 2109
2023-02-17 15:33:09,661 - root - INFO - Start computing VaR 2023-02-17 15:33:09.661243
2023-02-17 15:33:09,667 - urllib3.connectionpool - DEBUG - Starting new HTTPS connection (1): fred.stlouisfed.org:443
2023-02-17 15:33:09,780 - urllib3.connectionpool - DEBUG - https://fred.stlouisfed.org:443 "GET /graph/fredgraph.csv?id=DTB1YR HTTP/1.1" 200 58872
2023-02-17 15:33:09,821 - urllib3.connectionpool - DEBUG - Starting new HTTPS connection (1): query2.finance.yahoo.com:443
2023-02-17 15:33:09,942 - urllib3.connectionpool - DEBUG - https://query2.finance.yahoo.com:443 "GET /v8/finance/chart/MSFT?period1=1669753989&period2=1676665989&interval=1d&includePrePost=False&events=div%2Csplits%2CcapitalGains HTTP/1.1" 200 2497
2023-02-17 15:33:09,976 - urllib3.connectionpool - DEBUG - Starting new HTTPS connection (1): query2.finance.yahoo.com:443
2023-02-17 15:33:10,129 - urllib3.connectionpool - DEBUG - https://query2.finance.yahoo.com:443 "GET /v8/finance/chart/JPM?period1=1669753989&period2=1676665989&interval=1d&includePrePost=False&events=div%2Csplits%2CcapitalGains HTTP/1.1" 200 2092
2023-02-17 15:33:10,162 - urllib3.connectionpool - DEBUG - Starting new HTTPS connection (1): query2.finance.yahoo.com:443
2023-02-17 15:33:10,255 - urllib3.connectionpool - DEBUG - https://query2.finance.yahoo.com:443 "GET /v8/finance/chart/META?period1=1669753989&period2=1676665989&interval=1d&includePrePost=False&events=div%2Csplits%2CcapitalGains HTTP/1.1" 200 2031
2023-02-17 15:33:10,285 - urllib3.connectionpool - DEBUG - Starting new HTTPS connection (1): query2.finance.yahoo.com:443
2023-02-17 15:33:10,392 - urllib3.connectionpool - DEBUG - https://query2.finance.yahoo.com:443 "GET /v8/finance/chart/MSCI?period1=1669753989&period2=1676665989&interval=1d&includePrePost=False&events=div%2Csplits%2CcapitalGains HTTP/1.1" 200 2474
2023-02-17 15:33:10,425 - urllib3.connectionpool - DEBUG - Starting new HTTPS connection (1): query2.finance.yahoo.com:443
2023-02-17 15:33:10,530 - urllib3.connectionpool - DEBUG - https://query2.finance.yahoo.com:443 "GET /v8/finance/chart/GOOGL?period1=1669753989&period2=1676665989&interval=1d&includePrePost=False&events=div%2Csplits%2CcapitalGains HTTP/1.1" 200 1910
2023-02-17 15:33:10,559 - urllib3.connectionpool - DEBUG - Starting new HTTPS connection (1): query2.finance.yahoo.com:443
2023-02-17 15:33:10,649 - urllib3.connectionpool - DEBUG - https://query2.finance.yahoo.com:443 "GET /v8/finance/chart/IDXX?period1=1669753989&period2=1676665989&interval=1d&includePrePost=False&events=div%2Csplits%2CcapitalGains HTTP/1.1" 200 1916
2023-02-17 15:33:10,680 - urllib3.connectionpool - DEBUG - Starting new HTTPS connection (1): query2.finance.yahoo.com:443
2023-02-17 15:33:10,780 - urllib3.connectionpool - DEBUG - https://query2.finance.yahoo.com:443 "GET /v8/finance/chart/ADBE?period1=1669753989&period2=1676665989&interval=1d&includePrePost=False&events=div%2Csplits%2CcapitalGains HTTP/1.1" 200 1873
2023-02-17 15:33:10,812 - urllib3.connectionpool - DEBUG - Starting new HTTPS connection (1): query2.finance.yahoo.com:443
2023-02-17 15:33:10,922 - urllib3.connectionpool - DEBUG - https://query2.finance.yahoo.com:443 "GET /v8/finance/chart/AVGO?period1=1669753989&period2=1676665989&interval=1d&includePrePost=False&events=div%2Csplits%2CcapitalGains HTTP/1.1" 200 2057
2023-02-17 15:33:10,959 - urllib3.connectionpool - DEBUG - Starting new HTTPS connection (1): query2.finance.yahoo.com:443
2023-02-17 15:33:11,122 - urllib3.connectionpool - DEBUG - https://query2.finance.yahoo.com:443 "GET /v8/finance/chart/NEE?period1=1669753989&period2=1676665989&interval=1d&includePrePost=False&events=div%2Csplits%2CcapitalGains HTTP/1.1" 200 1816
2023-02-17 15:33:11,154 - urllib3.connectionpool - DEBUG - Starting new HTTPS connection (1): query2.finance.yahoo.com:443
2023-02-17 15:33:11,270 - urllib3.connectionpool - DEBUG - https://query2.finance.yahoo.com:443 "GET /v8/finance/chart/EXR?period1=1669753989&period2=1676665989&interval=1d&includePrePost=False&events=div%2Csplits%2CcapitalGains HTTP/1.1" 200 1959
2023-02-17 15:33:11,305 - urllib3.connectionpool - DEBUG - Starting new HTTPS connection (1): query2.finance.yahoo.com:443
2023-02-17 15:33:11,455 - urllib3.connectionpool - DEBUG - https://query2.finance.yahoo.com:443 "GET /v8/finance/chart/UNH?period1=1669753989&period2=1676665989&interval=1d&includePrePost=False&events=div%2Csplits%2CcapitalGains HTTP/1.1" 200 2044
2023-02-17 15:33:11,492 - urllib3.connectionpool - DEBUG - Starting new HTTPS connection (1): query2.finance.yahoo.com:443
2023-02-17 15:33:11,640 - urllib3.connectionpool - DEBUG - https://query2.finance.yahoo.com:443 "GET /v8/finance/chart/ABT?period1=1669753989&period2=1676665989&interval=1d&includePrePost=False&events=div%2Csplits%2CcapitalGains HTTP/1.1" 200 2128
2023-02-17 15:33:11,674 - urllib3.connectionpool - DEBUG - Starting new HTTPS connection (1): query2.finance.yahoo.com:443
2023-02-17 15:33:11,840 - urllib3.connectionpool - DEBUG - https://query2.finance.yahoo.com:443 "GET /v8/finance/chart/MS?period1=1669753989&period2=1676665989&interval=1d&includePrePost=False&events=div%2Csplits%2CcapitalGains HTTP/1.1" 200 2229
2023-02-17 15:33:11,874 - urllib3.connectionpool - DEBUG - Starting new HTTPS connection (1): query2.finance.yahoo.com:443
2023-02-17 15:33:11,961 - urllib3.connectionpool - DEBUG - https://query2.finance.yahoo.com:443 "GET /v8/finance/chart/AMZN?period1=1669753989&period2=1676665989&interval=1d&includePrePost=False&events=div%2Csplits%2CcapitalGains HTTP/1.1" 200 1926
2023-02-17 15:33:11,992 - urllib3.connectionpool - DEBUG - Starting new HTTPS connection (1): query2.finance.yahoo.com:443
2023-02-17 15:33:12,198 - urllib3.connectionpool - DEBUG - https://query2.finance.yahoo.com:443 "GET /v8/finance/chart/KO?period1=1669753989&period2=1676665989&interval=1d&includePrePost=False&events=div%2Csplits%2CcapitalGains HTTP/1.1" 200 1845
2023-02-17 15:33:12,230 - urllib3.connectionpool - DEBUG - Starting new HTTPS connection (1): query2.finance.yahoo.com:443
2023-02-17 15:33:12,346 - urllib3.connectionpool - DEBUG - https://query2.finance.yahoo.com:443 "GET /v8/finance/chart/AAPL?period1=1669753989&period2=1676665989&interval=1d&includePrePost=False&events=div%2Csplits%2CcapitalGains HTTP/1.1" 200 2442
2023-02-17 15:33:12,373 - urllib3.connectionpool - DEBUG - Starting new HTTPS connection (1): query2.finance.yahoo.com:443
2023-02-17 15:33:12,522 - urllib3.connectionpool - DEBUG - https://query2.finance.yahoo.com:443 "GET /v8/finance/chart/CSX?period1=1669753989&period2=1676665989&interval=1d&includePrePost=False&events=div%2Csplits%2CcapitalGains HTTP/1.1" 200 1870
2023-02-17 15:33:12,548 - urllib3.connectionpool - DEBUG - Starting new HTTPS connection (1): query2.finance.yahoo.com:443
2023-02-17 15:33:12,645 - urllib3.connectionpool - DEBUG - https://query2.finance.yahoo.com:443 "GET /v8/finance/chart/EW?period1=1669753989&period2=1676665989&interval=1d&includePrePost=False&events=div%2Csplits%2CcapitalGains HTTP/1.1" 200 1782
2023-02-17 15:33:12,680 - urllib3.connectionpool - DEBUG - Starting new HTTPS connection (1): query2.finance.yahoo.com:443
2023-02-17 15:33:12,836 - urllib3.connectionpool - DEBUG - https://query2.finance.yahoo.com:443 "GET /v8/finance/chart/ADP?period1=1669753989&period2=1676665989&interval=1d&includePrePost=False&events=div%2Csplits%2CcapitalGains HTTP/1.1" 200 2039
2023-02-17 15:33:12,875 - urllib3.connectionpool - DEBUG - Starting new HTTPS connection (1): query2.finance.yahoo.com:443
2023-02-17 15:33:12,961 - urllib3.connectionpool - DEBUG - https://query2.finance.yahoo.com:443 "GET /v8/finance/chart/CRM?period1=1669753989&period2=1676665989&interval=1d&includePrePost=False&events=div%2Csplits%2CcapitalGains HTTP/1.1" 200 1968
2023-02-17 15:33:12,993 - urllib3.connectionpool - DEBUG - Starting new HTTPS connection (1): query2.finance.yahoo.com:443
2023-02-17 15:33:13,130 - urllib3.connectionpool - DEBUG - https://query2.finance.yahoo.com:443 "GET /v8/finance/chart/JNPR?period1=1669753989&period2=1676665989&interval=1d&includePrePost=False&events=div%2Csplits%2CcapitalGains HTTP/1.1" 200 1846
2023-02-17 15:33:13,163 - urllib3.connectionpool - DEBUG - Starting new HTTPS connection (1): query2.finance.yahoo.com:443
2023-02-17 15:33:13,282 - urllib3.connectionpool - DEBUG - https://query2.finance.yahoo.com:443 "GET /v8/finance/chart/HD?period1=1669753989&period2=1676665989&interval=1d&includePrePost=False&events=div%2Csplits%2CcapitalGains HTTP/1.1" 200 1896
2023-02-17 15:33:13,312 - urllib3.connectionpool - DEBUG - Starting new HTTPS connection (1): query2.finance.yahoo.com:443
2023-02-17 15:33:13,450 - urllib3.connectionpool - DEBUG - https://query2.finance.yahoo.com:443 "GET /v8/finance/chart/SHW?period1=1669753989&period2=1676665989&interval=1d&includePrePost=False&events=div%2Csplits%2CcapitalGains HTTP/1.1" 200 1886
2023-02-17 15:33:13,477 - urllib3.connectionpool - DEBUG - Starting new HTTPS connection (1): query2.finance.yahoo.com:443
2023-02-17 15:33:13,645 - urllib3.connectionpool - DEBUG - https://query2.finance.yahoo.com:443 "GET /v8/finance/chart/ROP?period1=1669753989&period2=1676665989&interval=1d&includePrePost=False&events=div%2Csplits%2CcapitalGains HTTP/1.1" 200 2094
2023-02-17 15:33:13,676 - urllib3.connectionpool - DEBUG - Starting new HTTPS connection (1): query2.finance.yahoo.com:443
2023-02-17 15:33:13,814 - urllib3.connectionpool - DEBUG - https://query2.finance.yahoo.com:443 "GET /v8/finance/chart/TMO?period1=1669753989&period2=1676665989&interval=1d&includePrePost=False&events=div%2Csplits%2CcapitalGains HTTP/1.1" 200 2036
2023-02-17 15:33:13,844 - urllib3.connectionpool - DEBUG - Starting new HTTPS connection (1): query2.finance.yahoo.com:443
2023-02-17 15:33:13,969 - urllib3.connectionpool - DEBUG - https://query2.finance.yahoo.com:443 "GET /v8/finance/chart/SPY?period1=1669753989&period2=1676665989&interval=1d&includePrePost=False&events=div%2Csplits%2CcapitalGains HTTP/1.1" 200 2116
